<?xml version="1.0" encoding="UTF-8"?>
<!-- Generated by org.testng.reporters.JUnitXMLReporter -->
<testsuite ignored="0" hostname="DESKTOP-0BKCJVS" failures="0" tests="3" name="SeleniumDocker" time="39.52" errors="0" timestamp="23 Nov 2021 10:17:28 GMT">
  <testcase classname="com.iftas.pageTest.SampleConnectGrid" name="f" time="4.005"/>
  <testcase classname="com.iftas.pageTest.SeleniumDocker" name="simpleTest" time="2.279"/>
  <testcase classname="com.iftas.pageTest.SeleniumDocker" name="testCheckBox" time="30.8"/>
</testsuite> <!-- SeleniumDocker -->
