<?xml version="1.0" encoding="UTF-8"?>
<testng-results ignored="0" total="1" passed="1" failed="0" skipped="0">
  <reporter-output>
  </reporter-output>
  <suite started-at="2021-12-07T07:26:20Z" name="Default suite" finished-at="2021-12-07T07:26:20Z" duration-ms="71">
    <groups>
    </groups>
    <test started-at="2021-12-07T07:26:20Z" name="Default test" finished-at="2021-12-07T07:26:20Z" duration-ms="71">
      <class name="com.iftas.pageTest.GetDdir">
        <test-method signature="getDir()[pri:0, instance:com.iftas.pageTest.GetDdir@39d9314d]" started-at="2021-12-07T12:56:20Z" name="getDir" finished-at="2021-12-07T12:56:20Z" duration-ms="19" status="PASS">
          <reporter-output>
          </reporter-output>
        </test-method> <!-- getDir -->
      </class> <!-- com.iftas.pageTest.GetDdir -->
    </test> <!-- Default test -->
  </suite> <!-- Default suite -->
</testng-results>
